# JRE version: OpenJDK Runtime Environment Temurin-21.0.10+7 (21.0.10+7) (build 21.0.10+7-LTS)
# Java VM: OpenJDK 64-Bit Server VM Temurin-21.0.10+7 (21.0.10+7-LTS, mixed mode, sharing, tiered, compressed oops, compressed class ptrs, parallel gc, windows-amd64)
GC Precious Log:
 CardTable entry size: 512
 CPUs: 8 total, 8 available
 Memory: 8057M
 Large Page Support: Disabled
 NUMA Support: Disabled
 Compressed Oops: Enabled (32-bit)
 Alignments: Space 512K, Generation 512K, Heap 2M
 Heap Min Capacity: 100M
 Heap Initial Capacity: 100M
 Heap Max Capacity: 2G
 Pre-touch: Disabled
 Parallel Workers: 8
Heap:
 PSYoungGen      total 14336K, used 14165K [0x00000000d5580000, 0x00000000d6a80000, 0x0000000100000000)
  eden space 8192K, 99% used [0x00000000d5580000,0x00000000d5d7fff0,0x00000000d5d80000)
  from space 6144K, 97% used [0x00000000d5e00000,0x00000000d63d5470,0x00000000d6400000)
  to   space 6656K, 0% used [0x00000000d6400000,0x00000000d6400000,0x00000000d6a80000)
 ParOldGen       total 1088000K, used 1087516K [0x0000000080000000, 0x00000000c2680000, 0x00000000d5580000)
  object space 1088000K, 99% used [0x0000000080000000,0x00000000c2607230,0x00000000c2680000)
 Metaspace       used 82092K, committed 83840K, reserved 1179648K
  class space    used 8701K, committed 9472K, reserved 1048576K
GC Heap History (20 events):
Event: 895.864 GC heap before
{Heap before GC invocations=457 (full 3):
 PSYoungGen      total 5120K, used 5102K [0x00000000d5580000, 0x00000000d6480000, 0x0000000100000000)
  eden space 4096K, 100% used [0x00000000d5580000,0x00000000d5980000,0x00000000d5980000)
  from space 1024K, 98% used [0x00000000d5a80000,0x00000000d5b7b950,0x00000000d5b80000)
  to   space 5632K, 0% used [0x00000000d5f00000,0x00000000d5f00000,0x00000000d6480000)
 ParOldGen       total 1027072K, used 1026623K [0x0000000080000000, 0x00000000beb00000, 0x00000000d5580000)
  object space 1027072K, 99% used [0x0000000080000000,0x00000000bea8ff00,0x00000000beb00000)
 Metaspace       used 81951K, committed 83712K, reserved 1179648K
  class space    used 8700K, committed 9472K, reserved 1048576K
}
Event: 895.872 GC heap after
{Heap after GC invocations=457 (full 3):
 PSYoungGen      total 9728K, used 4160K [0x00000000d5580000, 0x00000000d6380000, 0x0000000100000000)
  eden space 5120K, 0% used [0x00000000d5580000,0x00000000d5580000,0x00000000d5a80000)
  from space 4608K, 90% used [0x00000000d5f00000,0x00000000d6310000,0x00000000d6380000)
  to   space 4608K, 0% used [0x00000000d5a80000,0x00000000d5a80000,0x00000000d5f00000)
 ParOldGen       total 1028096K, used 1028069K [0x0000000080000000, 0x00000000bec00000, 0x00000000d5580000)
  object space 1028096K, 99% used [0x0000000080000000,0x00000000bebf94f8,0x00000000bec00000)
 Metaspace       used 81951K, committed 83712K, reserved 1179648K
  class space    used 8700K, committed 9472K, reserved 1048576K
}
Event: 895.892 GC heap before
{Heap before GC invocations=458 (full 3):
 PSYoungGen      total 9728K, used 8797K [0x00000000d5580000, 0x00000000d6380000, 0x0000000100000000)
  eden space 5120K, 90% used [0x00000000d5580000,0x00000000d5a07710,0x00000000d5a80000)
  from space 4608K, 90% used [0x00000000d5f00000,0x00000000d6310000,0x00000000d6380000)
  to   space 4608K, 0% used [0x00000000d5a80000,0x00000000d5a80000,0x00000000d5f00000)
 ParOldGen       total 1028096K, used 1028069K [0x0000000080000000, 0x00000000bec00000, 0x00000000d5580000)
  object space 1028096K, 99% used [0x0000000080000000,0x00000000bebf94f8,0x00000000bec00000)
 Metaspace       used 81951K, committed 83712K, reserved 1179648K
  class space    used 8700K, committed 9472K, reserved 1048576K
}
Event: 895.899 GC heap after
{Heap after GC invocations=458 (full 3):
 PSYoungGen      total 9728K, used 4064K [0x00000000d5580000, 0x00000000d6480000, 0x0000000100000000)
  eden space 5120K, 0% used [0x00000000d5580000,0x00000000d5580000,0x00000000d5a80000)
  from space 4608K, 88% used [0x00000000d5a80000,0x00000000d5e78000,0x00000000d5f00000)
  to   space 4608K, 0% used [0x00000000d6000000,0x00000000d6000000,0x00000000d6480000)
 ParOldGen       total 1032192K, used 1032173K [0x0000000080000000, 0x00000000bf000000, 0x00000000d5580000)
  object space 1032192K, 99% used [0x0000000080000000,0x00000000beffb4f8,0x00000000bf000000)
 Metaspace       used 81951K, committed 83712K, reserved 1179648K
  class space    used 8700K, committed 9472K, reserved 1048576K
}
Event: 895.993 GC heap before
{Heap before GC invocations=459 (full 3):
 PSYoungGen      total 9728K, used 9017K [0x00000000d5580000, 0x00000000d6480000, 0x0000000100000000)
  eden space 5120K, 96% used [0x00000000d5580000,0x00000000d5a564c8,0x00000000d5a80000)
  from space 4608K, 88% used [0x00000000d5a80000,0x00000000d5e78000,0x00000000d5f00000)
  to   space 4608K, 0% used [0x00000000d6000000,0x00000000d6000000,0x00000000d6480000)
 ParOldGen       total 1032192K, used 1032173K [0x0000000080000000, 0x00000000bf000000, 0x00000000d5580000)
  object space 1032192K, 99% used [0x0000000080000000,0x00000000beffb4f8,0x00000000bf000000)
 Metaspace       used 81979K, committed 83712K, reserved 1179648K
  class space    used 8700K, committed 9472K, reserved 1048576K
}
Event: 896.014 GC heap after
{Heap after GC invocations=459 (full 3):
 PSYoungGen      total 9216K, used 3047K [0x00000000d5580000, 0x00000000d6300000, 0x0000000100000000)
  eden space 6144K, 0% used [0x00000000d5580000,0x00000000d5580000,0x00000000d5b80000)
  from space 3072K, 99% used [0x00000000d6000000,0x00000000d62f9de8,0x00000000d6300000)
  to   space 3584K, 0% used [0x00000000d5c00000,0x00000000d5c00000,0x00000000d5f80000)
 ParOldGen       total 1035776K, used 1035469K [0x0000000080000000, 0x00000000bf380000, 0x00000000d5580000)
  object space 1035776K, 99% used [0x0000000080000000,0x00000000bf3334f8,0x00000000bf380000)
 Metaspace       used 81979K, committed 83712K, reserved 1179648K
  class space    used 8700K, committed 9472K, reserved 1048576K
}
Event: 896.051 GC heap before
{Heap before GC invocations=460 (full 3):
 PSYoungGen      total 9216K, used 9170K [0x00000000d5580000, 0x00000000d6300000, 0x0000000100000000)
  eden space 6144K, 99% used [0x00000000d5580000,0x00000000d5b7ada0,0x00000000d5b80000)
  from space 3072K, 99% used [0x00000000d6000000,0x00000000d62f9de8,0x00000000d6300000)
  to   space 3584K, 0% used [0x00000000d5c00000,0x00000000d5c00000,0x00000000d5f80000)
 ParOldGen       total 1035776K, used 1035469K [0x0000000080000000, 0x00000000bf380000, 0x00000000d5580000)
  object space 1035776K, 99% used [0x0000000080000000,0x00000000bf3334f8,0x00000000bf380000)
 Metaspace       used 81991K, committed 83712K, reserved 1179648K
  class space    used 8700K, committed 9472K, reserved 1048576K
}
Event: 896.060 GC heap after
{Heap after GC invocations=460 (full 3):
 PSYoungGen      total 10240K, used 3558K [0x00000000d5580000, 0x00000000d6c00000, 0x0000000100000000)
  eden space 6656K, 0% used [0x00000000d5580000,0x00000000d5580000,0x00000000d5c00000)
  from space 3584K, 99% used [0x00000000d5c00000,0x00000000d5f798d8,0x00000000d5f80000)
  to   space 7680K, 0% used [0x00000000d6480000,0x00000000d6480000,0x00000000d6c00000)
 ParOldGen       total 1038848K, used 1038703K [0x0000000080000000, 0x00000000bf680000, 0x00000000d5580000)
  object space 1038848K, 99% used [0x0000000080000000,0x00000000bf65bdd0,0x00000000bf680000)
 Metaspace       used 81991K, committed 83712K, reserved 1179648K
  class space    used 8700K, committed 9472K, reserved 1048576K
}
Event: 896.579 GC heap before
{Heap before GC invocations=461 (full 3):
 PSYoungGen      total 10240K, used 10214K [0x00000000d5580000, 0x00000000d6c00000, 0x0000000100000000)
  eden space 6656K, 100% used [0x00000000d5580000,0x00000000d5c00000,0x00000000d5c00000)
  from space 3584K, 99% used [0x00000000d5c00000,0x00000000d5f798d8,0x00000000d5f80000)
  to   space 7680K, 0% used [0x00000000d6480000,0x00000000d6480000,0x00000000d6c00000)
 ParOldGen       total 1070592K, used 1069423K [0x0000000080000000, 0x00000000c1580000, 0x00000000d5580000)
  object space 1070592K, 99% used [0x0000000080000000,0x00000000c145be00,0x00000000c1580000)
 Metaspace       used 82010K, committed 83712K, reserved 1179648K
  class space    used 8700K, committed 9472K, reserved 1048576K
}
Event: 896.586 GC heap after
{Heap after GC invocations=461 (full 3):
 PSYoungGen      total 8704K, used 1648K [0x00000000d5580000, 0x00000000d6680000, 0x0000000100000000)
  eden space 6656K, 0% used [0x00000000d5580000,0x00000000d5580000,0x00000000d5c00000)
  from space 2048K, 80% used [0x00000000d6480000,0x00000000d661c010,0x00000000d6680000)
  to   space 3584K, 0% used [0x00000000d5f80000,0x00000000d5f80000,0x00000000d6300000)
 ParOldGen       total 1073152K, used 1072913K [0x0000000080000000, 0x00000000c1800000, 0x00000000d5580000)
  object space 1073152K, 99% used [0x0000000080000000,0x00000000c17c46d8,0x00000000c1800000)
 Metaspace       used 82010K, committed 83712K, reserved 1179648K
  class space    used 8700K, committed 9472K, reserved 1048576K
}
Event: 897.552 GC heap before
{Heap before GC invocations=462 (full 3):
 PSYoungGen      total 8704K, used 8300K [0x00000000d5580000, 0x00000000d6680000, 0x0000000100000000)
  eden space 6656K, 99% used [0x00000000d5580000,0x00000000d5bff240,0x00000000d5c00000)
  from space 2048K, 80% used [0x00000000d6480000,0x00000000d661c010,0x00000000d6680000)
  to   space 3584K, 0% used [0x00000000d5f80000,0x00000000d5f80000,0x00000000d6300000)
 ParOldGen       total 1073152K, used 1072913K [0x0000000080000000, 0x00000000c1800000, 0x00000000d5580000)
  object space 1073152K, 99% used [0x0000000080000000,0x00000000c17c46d8,0x00000000c1800000)
 Metaspace       used 82038K, committed 83776K, reserved 1179648K
  class space    used 8700K, committed 9472K, reserved 1048576K
}
Event: 897.555 GC heap after
{Heap after GC invocations=462 (full 3):
 PSYoungGen      total 10240K, used 288K [0x00000000d5580000, 0x00000000d6500000, 0x0000000100000000)
  eden space 6656K, 0% used [0x00000000d5580000,0x00000000d5580000,0x00000000d5c00000)
  from space 3584K, 8% used [0x00000000d5f80000,0x00000000d5fc8000,0x00000000d6300000)
  to   space 1536K, 0% used [0x00000000d6380000,0x00000000d6380000,0x00000000d6500000)
 ParOldGen       total 1074688K, used 1074353K [0x0000000080000000, 0x00000000c1980000, 0x00000000d5580000)
  object space 1074688K, 99% used [0x0000000080000000,0x00000000c192c6d8,0x00000000c1980000)
 Metaspace       used 82038K, committed 83776K, reserved 1179648K
  class space    used 8700K, committed 9472K, reserved 1048576K
}
Event: 898.361 GC heap before
{Heap before GC invocations=463 (full 3):
 PSYoungGen      total 10240K, used 6943K [0x00000000d5580000, 0x00000000d6500000, 0x0000000100000000)
  eden space 6656K, 99% used [0x00000000d5580000,0x00000000d5bfffc8,0x00000000d5c00000)
  from space 3584K, 8% used [0x00000000d5f80000,0x00000000d5fc8000,0x00000000d6300000)
  to   space 1536K, 0% used [0x00000000d6380000,0x00000000d6380000,0x00000000d6500000)
 ParOldGen       total 1074688K, used 1074353K [0x0000000080000000, 0x00000000c1980000, 0x00000000d5580000)
  object space 1074688K, 99% used [0x0000000080000000,0x00000000c192c6d8,0x00000000c1980000)
 Metaspace       used 82060K, committed 83776K, reserved 1179648K
  class space    used 8700K, committed 9472K, reserved 1048576K
}
Event: 898.363 GC heap after
{Heap after GC invocations=463 (full 3):
 PSYoungGen      total 8192K, used 1518K [0x00000000d5580000, 0x00000000d6500000, 0x0000000100000000)
  eden space 6656K, 0% used [0x00000000d5580000,0x00000000d5580000,0x00000000d5c00000)
  from space 1536K, 98% used [0x00000000d6380000,0x00000000d64fb950,0x00000000d6500000)
  to   space 2560K, 0% used [0x00000000d6000000,0x00000000d6000000,0x00000000d6280000)
 ParOldGen       total 1075200K, used 1074739K [0x0000000080000000, 0x00000000c1a00000, 0x00000000d5580000)
  object space 1075200K, 99% used [0x0000000080000000,0x00000000c198cfd8,0x00000000c1a00000)
 Metaspace       used 82060K, committed 83776K, reserved 1179648K
  class space    used 8700K, committed 9472K, reserved 1048576K
}
Event: 898.375 GC heap before
{Heap before GC invocations=464 (full 3):
 PSYoungGen      total 8192K, used 8174K [0x00000000d5580000, 0x00000000d6500000, 0x0000000100000000)
  eden space 6656K, 100% used [0x00000000d5580000,0x00000000d5c00000,0x00000000d5c00000)
  from space 1536K, 98% used [0x00000000d6380000,0x00000000d64fb950,0x00000000d6500000)
  to   space 2560K, 0% used [0x00000000d6000000,0x00000000d6000000,0x00000000d6280000)
 ParOldGen       total 1075200K, used 1074739K [0x0000000080000000, 0x00000000c1a00000, 0x00000000d5580000)
  object space 1075200K, 99% used [0x0000000080000000,0x00000000c198cfd8,0x00000000c1a00000)
 Metaspace       used 82060K, committed 83776K, reserved 1179648K
  class space    used 8700K, committed 9472K, reserved 1048576K
}
Event: 898.382 GC heap after
{Heap after GC invocations=464 (full 3):
 PSYoungGen      total 9216K, used 2560K [0x00000000d5580000, 0x00000000d6e00000, 0x0000000100000000)
  eden space 6656K, 0% used [0x00000000d5580000,0x00000000d5580000,0x00000000d5c00000)
  from space 2560K, 100% used [0x00000000d6000000,0x00000000d6280000,0x00000000d6280000)
  to   space 9216K, 0% used [0x00000000d6500000,0x00000000d6500000,0x00000000d6e00000)
 ParOldGen       total 1080320K, used 1079970K [0x0000000080000000, 0x00000000c1f00000, 0x00000000d5580000)
  object space 1080320K, 99% used [0x0000000080000000,0x00000000c1ea8958,0x00000000c1f00000)
 Metaspace       used 82060K, committed 83776K, reserved 1179648K
  class space    used 8700K, committed 9472K, reserved 1048576K
}
Event: 898.421 GC heap before
{Heap before GC invocations=465 (full 3):
 PSYoungGen      total 9216K, used 9036K [0x00000000d5580000, 0x00000000d6e00000, 0x0000000100000000)
  eden space 6656K, 97% used [0x00000000d5580000,0x00000000d5bd3230,0x00000000d5c00000)
  from space 2560K, 100% used [0x00000000d6000000,0x00000000d6280000,0x00000000d6280000)
  to   space 9216K, 0% used [0x00000000d6500000,0x00000000d6500000,0x00000000d6e00000)
 ParOldGen       total 1080320K, used 1079970K [0x0000000080000000, 0x00000000c1f00000, 0x00000000d5580000)
  object space 1080320K, 99% used [0x0000000080000000,0x00000000c1ea8958,0x00000000c1f00000)
 Metaspace       used 82060K, committed 83776K, reserved 1179648K
  class space    used 8700K, committed 9472K, reserved 1048576K
}
Event: 898.428 GC heap after
{Heap after GC invocations=465 (full 3):
 PSYoungGen      total 11776K, used 5042K [0x00000000d5580000, 0x00000000d6a00000, 0x0000000100000000)
  eden space 6656K, 0% used [0x00000000d5580000,0x00000000d5580000,0x00000000d5c00000)
  from space 5120K, 98% used [0x00000000d6500000,0x00000000d69ec8d8,0x00000000d6a00000)
  to   space 6144K, 0% used [0x00000000d5e00000,0x00000000d5e00000,0x00000000d6400000)
 ParOldGen       total 1082880K, used 1082514K [0x0000000080000000, 0x00000000c2180000, 0x00000000d5580000)
  object space 1082880K, 99% used [0x0000000080000000,0x00000000c2124958,0x00000000c2180000)
 Metaspace       used 82060K, committed 83776K, reserved 1179648K
  class space    used 8700K, committed 9472K, reserved 1048576K
}
Event: 898.439 GC heap before
{Heap before GC invocations=466 (full 3):
 PSYoungGen      total 11776K, used 11698K [0x00000000d5580000, 0x00000000d6a00000, 0x0000000100000000)
  eden space 6656K, 100% used [0x00000000d5580000,0x00000000d5c00000,0x00000000d5c00000)
  from space 5120K, 98% used [0x00000000d6500000,0x00000000d69ec8d8,0x00000000d6a00000)
  to   space 6144K, 0% used [0x00000000d5e00000,0x00000000d5e00000,0x00000000d6400000)
 ParOldGen       total 1082880K, used 1082514K [0x0000000080000000, 0x00000000c2180000, 0x00000000d5580000)
  object space 1082880K, 99% used [0x0000000080000000,0x00000000c2124958,0x00000000c2180000)
 Metaspace       used 82061K, committed 83776K, reserved 1179648K
  class space    used 8700K, committed 9472K, reserved 1048576K
}
Event: 898.447 GC heap after
{Heap after GC invocations=466 (full 3):
 PSYoungGen      total 14336K, used 5973K [0x00000000d5580000, 0x00000000d6a80000, 0x0000000100000000)
  eden space 8192K, 0% used [0x00000000d5580000,0x00000000d5580000,0x00000000d5d80000)
  from space 6144K, 97% used [0x00000000d5e00000,0x00000000d63d5470,0x00000000d6400000)
  to   space 6656K, 0% used [0x00000000d6400000,0x00000000d6400000,0x00000000d6a80000)
 ParOldGen       total 1088000K, used 1087516K [0x0000000080000000, 0x00000000c2680000, 0x00000000d5580000)
  object space 1088000K, 99% used [0x0000000080000000,0x00000000c2607230,0x00000000c2680000)
 Metaspace       used 82061K, committed 83776K, reserved 1179648K
  class space    used 8700K, committed 9472K, reserved 1048576K
}

