# JRE version: OpenJDK Runtime Environment Temurin-21.0.10+7 (21.0.10+7) (build 21.0.10+7-LTS)
# Java VM: OpenJDK 64-Bit Server VM Temurin-21.0.10+7 (21.0.10+7-LTS, mixed mode, sharing, tiered, compressed oops, compressed class ptrs, parallel gc, windows-amd64)
GC Precious Log:
 CardTable entry size: 512
 CPUs: 8 total, 8 available
 Memory: 8057M
 Large Page Support: Disabled
 NUMA Support: Disabled
 Compressed Oops: Enabled (32-bit)
 Alignments: Space 512K, Generation 512K, Heap 2M
 Heap Min Capacity: 100M
 Heap Initial Capacity: 100M
 Heap Max Capacity: 2G
 Pre-touch: Disabled
 Parallel Workers: 8
Heap:
 PSYoungGen      total 11264K, used 11252K [0x00000000d5580000, 0x00000000d6500000, 0x0000000100000000)
  eden space 6656K, 100% used [0x00000000d5580000,0x00000000d5c00000,0x00000000d5c00000)
  from space 4608K, 99% used [0x00000000d5c00000,0x00000000d607d000,0x00000000d6080000)
  to   space 512K, 94% used [0x00000000d6280000,0x00000000d62f9660,0x00000000d6300000)
 ParOldGen       total 928256K, used 928249K [0x0000000080000000, 0x00000000b8a80000, 0x00000000d5580000)
  object space 928256K, 99% used [0x0000000080000000,0x00000000b8a7e688,0x00000000b8a80000)
 Metaspace       used 81411K, committed 83072K, reserved 1179648K
  class space    used 8762K, committed 9472K, reserved 1048576K
GC Heap History (20 events):
Event: 239.233 GC heap after
{Heap after GC invocations=1073 (full 3):
 PSYoungGen      total 9216K, used 2128K [0x00000000d5580000, 0x00000000d6a80000, 0x0000000100000000)
  eden space 6656K, 0% used [0x00000000d5580000,0x00000000d5580000,0x00000000d5c00000)
  from space 2560K, 83% used [0x00000000d6800000,0x00000000d6a14010,0x00000000d6a80000)
  to   space 5632K, 0% used [0x00000000d5f80000,0x00000000d5f80000,0x00000000d6500000)
 ParOldGen       total 912384K, used 912023K [0x0000000080000000, 0x00000000b7b00000, 0x00000000d5580000)
  object space 912384K, 99% used [0x0000000080000000,0x00000000b7aa5d00,0x00000000b7b00000)
 Metaspace       used 77908K, committed 79424K, reserved 1179648K
  class space    used 8335K, committed 9024K, reserved 1048576K
}
Event: 243.657 GC heap before
{Heap before GC invocations=1074 (full 3):
 PSYoungGen      total 9216K, used 8784K [0x00000000d5580000, 0x00000000d6a80000, 0x0000000100000000)
  eden space 6656K, 100% used [0x00000000d5580000,0x00000000d5c00000,0x00000000d5c00000)
  from space 2560K, 83% used [0x00000000d6800000,0x00000000d6a14010,0x00000000d6a80000)
  to   space 5632K, 0% used [0x00000000d5f80000,0x00000000d5f80000,0x00000000d6500000)
 ParOldGen       total 912384K, used 912023K [0x0000000080000000, 0x00000000b7b00000, 0x00000000d5580000)
  object space 912384K, 99% used [0x0000000080000000,0x00000000b7aa5d00,0x00000000b7b00000)
 Metaspace       used 77937K, committed 79552K, reserved 1179648K
  class space    used 8335K, committed 9024K, reserved 1048576K
}
Event: 243.661 GC heap after
{Heap after GC invocations=1074 (full 3):
 PSYoungGen      total 12288K, used 1708K [0x00000000d5580000, 0x00000000d6880000, 0x0000000100000000)
  eden space 6656K, 0% used [0x00000000d5580000,0x00000000d5580000,0x00000000d5c00000)
  from space 5632K, 30% used [0x00000000d5f80000,0x00000000d612b090,0x00000000d6500000)
  to   space 2560K, 0% used [0x00000000d6600000,0x00000000d6600000,0x00000000d6880000)
 ParOldGen       total 913920K, used 913791K [0x0000000080000000, 0x00000000b7c80000, 0x00000000d5580000)
  object space 913920K, 99% used [0x0000000080000000,0x00000000b7c5fd00,0x00000000b7c80000)
 Metaspace       used 77937K, committed 79552K, reserved 1179648K
  class space    used 8335K, committed 9024K, reserved 1048576K
}
Event: 243.674 GC heap before
{Heap before GC invocations=1075 (full 3):
 PSYoungGen      total 12288K, used 8364K [0x00000000d5580000, 0x00000000d6880000, 0x0000000100000000)
  eden space 6656K, 100% used [0x00000000d5580000,0x00000000d5c00000,0x00000000d5c00000)
  from space 5632K, 30% used [0x00000000d5f80000,0x00000000d612b090,0x00000000d6500000)
  to   space 2560K, 0% used [0x00000000d6600000,0x00000000d6600000,0x00000000d6880000)
 ParOldGen       total 913920K, used 913791K [0x0000000080000000, 0x00000000b7c80000, 0x00000000d5580000)
  object space 913920K, 99% used [0x0000000080000000,0x00000000b7c5fd00,0x00000000b7c80000)
 Metaspace       used 77937K, committed 79552K, reserved 1179648K
  class space    used 8335K, committed 9024K, reserved 1048576K
}
Event: 243.678 GC heap after
{Heap after GC invocations=1075 (full 3):
 PSYoungGen      total 9216K, used 2560K [0x00000000d5580000, 0x00000000d6880000, 0x0000000100000000)
  eden space 6656K, 0% used [0x00000000d5580000,0x00000000d5580000,0x00000000d5c00000)
  from space 2560K, 100% used [0x00000000d6600000,0x00000000d6880000,0x00000000d6880000)
  to   space 6144K, 0% used [0x00000000d5c80000,0x00000000d5c80000,0x00000000d6280000)
 ParOldGen       total 916992K, used 916541K [0x0000000080000000, 0x00000000b7f80000, 0x00000000d5580000)
  object space 916992K, 99% used [0x0000000080000000,0x00000000b7f0f6a0,0x00000000b7f80000)
 Metaspace       used 77937K, committed 79552K, reserved 1179648K
  class space    used 8335K, committed 9024K, reserved 1048576K
}
Event: 243.740 GC heap before
{Heap before GC invocations=1076 (full 3):
 PSYoungGen      total 9216K, used 9210K [0x00000000d5580000, 0x00000000d6880000, 0x0000000100000000)
  eden space 6656K, 99% used [0x00000000d5580000,0x00000000d5bfea28,0x00000000d5c00000)
  from space 2560K, 100% used [0x00000000d6600000,0x00000000d6880000,0x00000000d6880000)
  to   space 6144K, 0% used [0x00000000d5c80000,0x00000000d5c80000,0x00000000d6280000)
 ParOldGen       total 916992K, used 916541K [0x0000000080000000, 0x00000000b7f80000, 0x00000000d5580000)
  object space 916992K, 99% used [0x0000000080000000,0x00000000b7f0f6a0,0x00000000b7f80000)
 Metaspace       used 78094K, committed 79744K, reserved 1179648K
  class space    used 8347K, committed 9024K, reserved 1048576K
}
Event: 243.745 GC heap after
{Heap after GC invocations=1076 (full 3):
 PSYoungGen      total 12800K, used 1842K [0x00000000d5580000, 0x00000000d6680000, 0x0000000100000000)
  eden space 6656K, 0% used [0x00000000d5580000,0x00000000d5580000,0x00000000d5c00000)
  from space 6144K, 29% used [0x00000000d5c80000,0x00000000d5e4c810,0x00000000d6280000)
  to   space 3584K, 0% used [0x00000000d6300000,0x00000000d6300000,0x00000000d6680000)
 ParOldGen       total 919040K, used 919024K [0x0000000080000000, 0x00000000b8180000, 0x00000000d5580000)
  object space 919040K, 99% used [0x0000000080000000,0x00000000b817c210,0x00000000b8180000)
 Metaspace       used 78094K, committed 79744K, reserved 1179648K
  class space    used 8347K, committed 9024K, reserved 1048576K
}
Event: 244.040 GC heap before
{Heap before GC invocations=1077 (full 3):
 PSYoungGen      total 12800K, used 8498K [0x00000000d5580000, 0x00000000d6680000, 0x0000000100000000)
  eden space 6656K, 100% used [0x00000000d5580000,0x00000000d5c00000,0x00000000d5c00000)
  from space 6144K, 29% used [0x00000000d5c80000,0x00000000d5e4c810,0x00000000d6280000)
  to   space 3584K, 0% used [0x00000000d6300000,0x00000000d6300000,0x00000000d6680000)
 ParOldGen       total 919040K, used 919024K [0x0000000080000000, 0x00000000b8180000, 0x00000000d5580000)
  object space 919040K, 99% used [0x0000000080000000,0x00000000b817c210,0x00000000b8180000)
 Metaspace       used 78229K, committed 79872K, reserved 1179648K
  class space    used 8356K, committed 9088K, reserved 1048576K
}
Event: 244.049 GC heap after
{Heap after GC invocations=1077 (full 3):
 PSYoungGen      total 7680K, used 656K [0x00000000d5580000, 0x00000000d6400000, 0x0000000100000000)
  eden space 6656K, 0% used [0x00000000d5580000,0x00000000d5580000,0x00000000d5c00000)
  from space 1024K, 64% used [0x00000000d6300000,0x00000000d63a4010,0x00000000d6400000)
  to   space 1536K, 0% used [0x00000000d6100000,0x00000000d6100000,0x00000000d6280000)
 ParOldGen       total 921088K, used 920745K [0x0000000080000000, 0x00000000b8380000, 0x00000000d5580000)
  object space 921088K, 99% used [0x0000000080000000,0x00000000b832a710,0x00000000b8380000)
 Metaspace       used 78229K, committed 79872K, reserved 1179648K
  class space    used 8356K, committed 9088K, reserved 1048576K
}
Event: 244.345 GC heap before
{Heap before GC invocations=1078 (full 3):
 PSYoungGen      total 7680K, used 7303K [0x00000000d5580000, 0x00000000d6400000, 0x0000000100000000)
  eden space 6656K, 99% used [0x00000000d5580000,0x00000000d5bfdd50,0x00000000d5c00000)
  from space 1024K, 64% used [0x00000000d6300000,0x00000000d63a4010,0x00000000d6400000)
  to   space 1536K, 0% used [0x00000000d6100000,0x00000000d6100000,0x00000000d6280000)
 ParOldGen       total 921088K, used 920745K [0x0000000080000000, 0x00000000b8380000, 0x00000000d5580000)
  object space 921088K, 99% used [0x0000000080000000,0x00000000b832a710,0x00000000b8380000)
 Metaspace       used 78656K, committed 80256K, reserved 1179648K
  class space    used 8396K, committed 9088K, reserved 1048576K
}
Event: 244.348 GC heap after
{Heap after GC invocations=1078 (full 3):
 PSYoungGen      total 8192K, used 884K [0x00000000d5580000, 0x00000000d6380000, 0x0000000100000000)
  eden space 6656K, 0% used [0x00000000d5580000,0x00000000d5580000,0x00000000d5c00000)
  from space 1536K, 57% used [0x00000000d6100000,0x00000000d61dd270,0x00000000d6280000)
  to   space 1024K, 0% used [0x00000000d6280000,0x00000000d6280000,0x00000000d6380000)
 ParOldGen       total 921600K, used 921228K [0x0000000080000000, 0x00000000b8400000, 0x00000000d5580000)
  object space 921600K, 99% used [0x0000000080000000,0x00000000b83a3030,0x00000000b8400000)
 Metaspace       used 78656K, committed 80256K, reserved 1179648K
  class space    used 8396K, committed 9088K, reserved 1048576K
}
Event: 244.523 GC heap before
{Heap before GC invocations=1079 (full 3):
 PSYoungGen      total 8192K, used 7540K [0x00000000d5580000, 0x00000000d6380000, 0x0000000100000000)
  eden space 6656K, 99% used [0x00000000d5580000,0x00000000d5bffff0,0x00000000d5c00000)
  from space 1536K, 57% used [0x00000000d6100000,0x00000000d61dd270,0x00000000d6280000)
  to   space 1024K, 0% used [0x00000000d6280000,0x00000000d6280000,0x00000000d6380000)
 ParOldGen       total 921600K, used 921228K [0x0000000080000000, 0x00000000b8400000, 0x00000000d5580000)
  object space 921600K, 99% used [0x0000000080000000,0x00000000b83a3030,0x00000000b8400000)
 Metaspace       used 79777K, committed 81472K, reserved 1179648K
  class space    used 8539K, committed 9280K, reserved 1048576K
}
Event: 244.526 GC heap after
{Heap after GC invocations=1079 (full 3):
 PSYoungGen      total 7680K, used 575K [0x00000000d5580000, 0x00000000d6380000, 0x0000000100000000)
  eden space 6656K, 0% used [0x00000000d5580000,0x00000000d5580000,0x00000000d5c00000)
  from space 1024K, 56% used [0x00000000d6280000,0x00000000d630fc48,0x00000000d6380000)
  to   space 1024K, 0% used [0x00000000d6180000,0x00000000d6180000,0x00000000d6280000)
 ParOldGen       total 922112K, used 921925K [0x0000000080000000, 0x00000000b8480000, 0x00000000d5580000)
  object space 922112K, 99% used [0x0000000080000000,0x00000000b8451418,0x00000000b8480000)
 Metaspace       used 79777K, committed 81472K, reserved 1179648K
  class space    used 8539K, committed 9280K, reserved 1048576K
}
Event: 244.628 GC heap before
{Heap before GC invocations=1080 (full 3):
 PSYoungGen      total 7680K, used 7231K [0x00000000d5580000, 0x00000000d6380000, 0x0000000100000000)
  eden space 6656K, 100% used [0x00000000d5580000,0x00000000d5c00000,0x00000000d5c00000)
  from space 1024K, 56% used [0x00000000d6280000,0x00000000d630fc48,0x00000000d6380000)
  to   space 1024K, 0% used [0x00000000d6180000,0x00000000d6180000,0x00000000d6280000)
 ParOldGen       total 922112K, used 921925K [0x0000000080000000, 0x00000000b8480000, 0x00000000d5580000)
  object space 922112K, 99% used [0x0000000080000000,0x00000000b8451418,0x00000000b8480000)
 Metaspace       used 81155K, committed 82880K, reserved 1179648K
  class space    used 8727K, committed 9472K, reserved 1048576K
}
Event: 244.631 GC heap after
{Heap after GC invocations=1080 (full 3):
 PSYoungGen      total 7680K, used 384K [0x00000000d5580000, 0x00000000d6300000, 0x0000000100000000)
  eden space 6656K, 0% used [0x00000000d5580000,0x00000000d5580000,0x00000000d5c00000)
  from space 1024K, 37% used [0x00000000d6180000,0x00000000d61e0000,0x00000000d6280000)
  to   space 512K, 0% used [0x00000000d6280000,0x00000000d6280000,0x00000000d6300000)
 ParOldGen       total 922624K, used 922335K [0x0000000080000000, 0x00000000b8500000, 0x00000000d5580000)
  object space 922624K, 99% used [0x0000000080000000,0x00000000b84b7ed8,0x00000000b8500000)
 Metaspace       used 81155K, committed 82880K, reserved 1179648K
  class space    used 8727K, committed 9472K, reserved 1048576K
}
Event: 244.723 GC heap before
{Heap before GC invocations=1081 (full 3):
 PSYoungGen      total 7680K, used 7040K [0x00000000d5580000, 0x00000000d6300000, 0x0000000100000000)
  eden space 6656K, 100% used [0x00000000d5580000,0x00000000d5c00000,0x00000000d5c00000)
  from space 1024K, 37% used [0x00000000d6180000,0x00000000d61e0000,0x00000000d6280000)
  to   space 512K, 0% used [0x00000000d6280000,0x00000000d6280000,0x00000000d6300000)
 ParOldGen       total 922624K, used 922335K [0x0000000080000000, 0x00000000b8500000, 0x00000000d5580000)
  object space 922624K, 99% used [0x0000000080000000,0x00000000b84b7ed8,0x00000000b8500000)
 Metaspace       used 81408K, committed 83072K, reserved 1179648K
  class space    used 8761K, committed 9472K, reserved 1048576K
}
Event: 244.729 GC heap after
{Heap after GC invocations=1081 (full 3):
 PSYoungGen      total 7168K, used 507K [0x00000000d5580000, 0x00000000d6500000, 0x0000000100000000)
  eden space 6656K, 0% used [0x00000000d5580000,0x00000000d5580000,0x00000000d5c00000)
  from space 512K, 99% used [0x00000000d6280000,0x00000000d62fee50,0x00000000d6300000)
  to   space 4608K, 0% used [0x00000000d5c00000,0x00000000d5c00000,0x00000000d6080000)
 ParOldGen       total 926208K, used 925734K [0x0000000080000000, 0x00000000b8880000, 0x00000000d5580000)
  object space 926208K, 99% used [0x0000000080000000,0x00000000b8809828,0x00000000b8880000)
 Metaspace       used 81408K, committed 83072K, reserved 1179648K
  class space    used 8761K, committed 9472K, reserved 1048576K
}
Event: 244.751 GC heap before
{Heap before GC invocations=1082 (full 3):
 PSYoungGen      total 7168K, used 7163K [0x00000000d5580000, 0x00000000d6500000, 0x0000000100000000)
  eden space 6656K, 100% used [0x00000000d5580000,0x00000000d5c00000,0x00000000d5c00000)
  from space 512K, 99% used [0x00000000d6280000,0x00000000d62fee50,0x00000000d6300000)
  to   space 4608K, 0% used [0x00000000d5c00000,0x00000000d5c00000,0x00000000d6080000)
 ParOldGen       total 926208K, used 925734K [0x0000000080000000, 0x00000000b8880000, 0x00000000d5580000)
  object space 926208K, 99% used [0x0000000080000000,0x00000000b8809828,0x00000000b8880000)
 Metaspace       used 81410K, committed 83072K, reserved 1179648K
  class space    used 8762K, committed 9472K, reserved 1048576K
}
Event: 246.775 GC heap after
{Heap after GC invocations=1082 (full 3):
 PSYoungGen      total 11264K, used 4596K [0x00000000d5580000, 0x00000000d6500000, 0x0000000100000000)
  eden space 6656K, 0% used [0x00000000d5580000,0x00000000d5580000,0x00000000d5c00000)
  from space 4608K, 99% used [0x00000000d5c00000,0x00000000d607d000,0x00000000d6080000)
  to   space 512K, 0% used [0x00000000d6280000,0x00000000d6280000,0x00000000d6300000)
 ParOldGen       total 928256K, used 927817K [0x0000000080000000, 0x00000000b8a80000, 0x00000000d5580000)
  object space 928256K, 99% used [0x0000000080000000,0x00000000b8a12688,0x00000000b8a80000)
 Metaspace       used 81410K, committed 83072K, reserved 1179648K
  class space    used 8762K, committed 9472K, reserved 1048576K
}
Event: 246.895 GC heap before
{Heap before GC invocations=1083 (full 3):
 PSYoungGen      total 11264K, used 11252K [0x00000000d5580000, 0x00000000d6500000, 0x0000000100000000)
  eden space 6656K, 100% used [0x00000000d5580000,0x00000000d5c00000,0x00000000d5c00000)
  from space 4608K, 99% used [0x00000000d5c00000,0x00000000d607d000,0x00000000d6080000)
  to   space 512K, 0% used [0x00000000d6280000,0x00000000d6280000,0x00000000d6300000)
 ParOldGen       total 928256K, used 927817K [0x0000000080000000, 0x00000000b8a80000, 0x00000000d5580000)
  object space 928256K, 99% used [0x0000000080000000,0x00000000b8a12688,0x00000000b8a80000)
 Metaspace       used 81411K, committed 83072K, reserved 1179648K
  class space    used 8762K, committed 9472K, reserved 1048576K
}

